2018-05-08T14:12:17.218Z - normal: Load ~/.CocosCreator/settings.json
2018-05-08T14:12:17.223Z - normal: checking language setting...
2018-05-08T14:12:17.223Z - normal: Language: zh
2018-05-08T14:12:18.959Z - success: protocol editor-framework registered
2018-05-08T14:12:18.960Z - success: protocol app registered
2018-05-08T14:12:18.960Z - success: protocol theme registered
2018-05-08T14:12:18.960Z - success: protocol packages registered
2018-05-08T14:12:18.960Z - success: protocol unpack registerred
2018-05-08T14:12:18.960Z - success: protocol disable-commonjs registerred
2018-05-08T14:12:20.497Z - normal: connected!
2018-05-08T14:12:20.507Z - normal: Check project /Users/chenshaoling/workplace/cocosgame/my-basement
2018-05-08T14:12:20.510Z - normal: Initializing Cocos2d
2018-05-08T14:12:21.055Z - normal: Initializing Asset Database
2018-05-08T14:12:21.119Z - success: protocol uuid registerred
2018-05-08T14:12:21.119Z - success: protocol db registerred
2018-05-08T14:12:21.120Z - success: protocol thumbnail registerred
2018-05-08T14:12:21.120Z - normal: Loading editor/builtin packages
2018-05-08T14:12:21.160Z - success: anysdk loaded
2018-05-08T14:12:21.425Z - success: assets loaded
2018-05-08T14:12:21.432Z - success: builder loaded
2018-05-08T14:12:21.436Z - success: cocos-analytics loaded
2018-05-08T14:12:21.445Z - success: console loaded
2018-05-08T14:12:21.455Z - success: hierarchy loaded
2018-05-08T14:12:21.466Z - success: inspector loaded
2018-05-08T14:12:21.469Z - success: keystore loaded
2018-05-08T14:12:21.481Z - success: node-library loaded
2018-05-08T14:12:21.486Z - success: package-asset loaded
2018-05-08T14:12:21.491Z - success: preferences loaded
2018-05-08T14:12:21.498Z - success: project-exporter loaded
2018-05-08T14:12:21.528Z - success: project-importer loaded
2018-05-08T14:12:21.532Z - success: project-settings loaded
2018-05-08T14:12:21.538Z - success: ui-kit loaded
2018-05-08T14:12:21.545Z - success: ui-grid loaded
2018-05-08T14:12:21.553Z - success: scene loaded
2018-05-08T14:12:21.556Z - success: sprite-editor loaded
2018-05-08T14:12:21.563Z - success: store loaded
2018-05-08T14:12:21.576Z - success: timeline loaded
2018-05-08T14:12:21.576Z - normal: Loading builtin packages
2018-05-08T14:12:21.582Z - success: asset-db-debugger loaded
2018-05-08T14:12:21.585Z - success: color-picker loaded
2018-05-08T14:12:21.592Z - success: package-manager loaded
2018-05-08T14:12:21.602Z - success: sdkbox loaded
2018-05-08T14:12:21.609Z - success: tester loaded
2018-05-08T14:12:21.616Z - success: ui-kit-preview-extra loaded
2018-05-08T14:12:21.621Z - success: ui-kit-preview loaded
2018-05-08T14:12:21.626Z - success: ui-tree loaded
2018-05-08T14:12:23.590Z - normal: Initializing project /Users/chenshaoling/workplace/cocosgame/my-basement
2018-05-08T14:12:23.595Z - normal: Loading packages
2018-05-08T14:12:23.602Z - normal: Watching packages
2018-05-08T14:12:23.615Z - normal: Run Application
2018-05-08T14:12:24.610Z - success: preview server running at http://localhost:7456
2018-05-08T14:12:31.028Z - normal: 1.8.0
2018-05-08T15:08:21.319Z - normal: Start building with options : {
  "androidStudio": true,
  "apiLevel": "",
  "appABIs": [],
  "appKey": "",
  "appSecret": "",
  "buildPath": "/Users/chenshaoling/workplace/cocosgame/my-basement/build",
  "debug": false,
  "dest": "/Users/chenshaoling/workplace/cocosgame/my-basement/build/web-mobile",
  "encryptJs": true,
  "excludeScenes": [],
  "excludedModules": [],
  "includeAnySDK": false,
  "includeEruda": false,
  "includeSDKBox": false,
  "inlineSpriteFrames": true,
  "inlineSpriteFrames_native": true,
  "jailbreakPlatform": false,
  "md5Cache": false,
  "mergeStartScene": true,
  "oauthLoginServer": "",
  "optimizeHotUpdate": false,
  "orientation": {
    "landscapeLeft": true,
    "landscapeRight": true,
    "portrait": false,
    "upsideDown": false
  },
  "packageName": "org.cocos2d.helloworld",
  "platform": "web-mobile",
  "previewHeight": "720",
  "previewWidth": "1280",
  "privateKey": "",
  "renderMode": "0",
  "scenes": [
    "a593ca40-3588-4b3c-92bf-bdd71c481df9",
    "ec09bc74-668e-4859-8438-df57780e311c",
    "083d5aef-002e-4f6e-b169-797585b992e1"
  ],
  "sourceMaps": false,
  "startScene": "a593ca40-3588-4b3c-92bf-bdd71c481df9",
  "template": "link",
  "title": "hello_world",
  "useDebugKeystore": true,
  "vsVersion": "auto",
  "webOrientation": "auto",
  "wechatgame": {
    "appid": "",
    "orientation": "portrait"
  },
  "xxteaKey": "5a778907-5727-4c",
  "project": "/Users/chenshaoling/workplace/cocosgame/my-basement",
  "projectName": "hello_world",
  "debugBuildWorker": false
}
2018-05-08T15:08:21.329Z - normal: Building /Users/chenshaoling/workplace/cocosgame/my-basement
2018-05-08T15:08:21.330Z - normal: Destination /Users/chenshaoling/workplace/cocosgame/my-basement/build/web-mobile
2018-05-08T15:08:22.059Z - normal: Delete /Users/chenshaoling/workplace/cocosgame/my-basement/build/web-mobile/**/*
2018-05-08T15:09:49.503Z - normal: Compiled project javascript file successfully
2018-05-08T15:09:49.506Z - normal: Start building assets
2018-05-08T15:09:49.506Z - normal: Start spawn build-worker
2018-05-08T15:09:50.640Z - normal: Finish spawn build-worker
2018-05-08T15:09:50.640Z - normal: Start init build-worker
2018-05-08T15:09:55.136Z - normal: 1.8.0
2018-05-08T15:09:55.293Z - normal: Finish init build-worker
2018-05-08T15:09:55.294Z - normal: Start build-assets in worker
2018-05-08T15:09:55.842Z - normal: Finish build-assets in worker
2018-05-08T15:09:55.849Z - normal: Finish building assets
2018-05-08T15:09:55.913Z - normal: Start building raw assets
2018-05-08T15:09:55.915Z - normal: Start building plugin scripts
2018-05-08T15:09:55.980Z - normal: Finish building raw assets
2018-05-08T15:09:55.997Z - normal: Generating main.js from /Applications/CocosCreator.app/Contents/Resources/static/build-templates/shares/main.js
2018-05-08T15:09:56.018Z - normal: Generating html from /Applications/CocosCreator.app/Contents/Resources/static/build-templates/web-mobile/template/index.html
2018-05-08T15:09:56.027Z - normal: Built to "/Users/chenshaoling/workplace/cocosgame/my-basement/build/web-mobile" successfully
2018-05-08T15:17:50.757Z - info: shutdown preview server
